<?xml version="1.0" encoding="UTF-8"?>
<testng-results ignored="0" total="11" passed="9" failed="1" skipped="1">
  <reporter-output>
    <line>
      <![CDATA[function 2 printed]]>
    </line>
    <line>
      <![CDATA[function 3 printed]]>
    </line>
  </reporter-output>
  <suite started-at="2021-08-16T11:37:47 IST" name="Suite" finished-at="2021-08-16T11:37:47 IST" duration-ms="112">
    <groups>
    </groups>
    <test started-at="2021-08-16T11:37:47 IST" name="Test" finished-at="2021-08-16T11:37:47 IST" duration-ms="112">
      <class name="Pratice3.Report_gen_TestNg">
        <test-method is-config="true" signature="startup()[pri:0, instance:Pratice3.Report_gen_TestNg@33990a0c]" started-at="2021-08-16T11:37:47 IST" name="startup" finished-at="2021-08-16T11:37:47 IST" duration-ms="26" status="FAIL">
          <exception class="java.lang.NoClassDefFoundError">
            <message>
              <![CDATA[freemarker/template/TemplateModelException]]>
            </message>
            <full-stacktrace>
              <![CDATA[java.lang.NoClassDefFoundError: freemarker/template/TemplateModelException
at Pratice3.Report_gen_TestNg.startup(Report_gen_TestNg.java:24)
at java.base/jdk.internal.reflect.NativeMethodAccessorImpl.invoke0(Native Method)
at java.base/jdk.internal.reflect.NativeMethodAccessorImpl.invoke(NativeMethodAccessorImpl.java:64)
at java.base/jdk.internal.reflect.DelegatingMethodAccessorImpl.invoke(DelegatingMethodAccessorImpl.java:43)
at java.base/java.lang.reflect.Method.invoke(Method.java:564)
at org.testng.internal.MethodInvocationHelper.invokeMethod(MethodInvocationHelper.java:133)
at org.testng.internal.MethodInvocationHelper.invokeMethodConsideringTimeout(MethodInvocationHelper.java:62)
at org.testng.internal.ConfigInvoker.invokeConfigurationMethod(ConfigInvoker.java:385)
at org.testng.internal.ConfigInvoker.invokeConfigurations(ConfigInvoker.java:321)
at org.testng.TestRunner.invokeTestConfigurations(TestRunner.java:637)
at org.testng.TestRunner.beforeRun(TestRunner.java:627)
at org.testng.TestRunner.run(TestRunner.java:589)
at org.testng.SuiteRunner.runTest(SuiteRunner.java:377)
at org.testng.SuiteRunner.runSequentially(SuiteRunner.java:371)
at org.testng.SuiteRunner.privateRun(SuiteRunner.java:332)
at org.testng.SuiteRunner.run(SuiteRunner.java:276)
at org.testng.SuiteRunnerWorker.runSuite(SuiteRunnerWorker.java:53)
at org.testng.SuiteRunnerWorker.run(SuiteRunnerWorker.java:96)
at org.testng.TestNG.runSuitesSequentially(TestNG.java:1212)
at org.testng.TestNG.runSuitesSequentially(TestNG.java:1207)
at org.testng.TestNG.runSuitesLocally(TestNG.java:1134)
at org.testng.TestNG.runSuites(TestNG.java:1063)
at org.testng.TestNG.run(TestNG.java:1031)
at org.testng.remote.AbstractRemoteTestNG.run(AbstractRemoteTestNG.java:115)
at org.testng.remote.RemoteTestNG.initAndRun(RemoteTestNG.java:251)
at org.testng.remote.RemoteTestNG.main(RemoteTestNG.java:77)
Caused by: java.lang.ClassNotFoundException: freemarker.template.TemplateModelException
at java.base/jdk.internal.loader.BuiltinClassLoader.loadClass(BuiltinClassLoader.java:606)
at java.base/jdk.internal.loader.ClassLoaders$AppClassLoader.loadClass(ClassLoaders.java:168)
at java.base/java.lang.ClassLoader.loadClass(ClassLoader.java:522)
... 26 more
]]>
            </full-stacktrace>
          </exception> <!-- java.lang.NoClassDefFoundError -->
          <reporter-output>
          </reporter-output>
        </test-method> <!-- startup -->
        <test-method signature="test()[pri:0, instance:Pratice3.Report_gen_TestNg@33990a0c]" started-at="2021-08-16T11:37:47 IST" name="test" finished-at="2021-08-16T11:37:47 IST" duration-ms="0" status="SKIP">
          <exception class="java.lang.NoClassDefFoundError">
            <message>
              <![CDATA[freemarker/template/TemplateModelException]]>
            </message>
            <full-stacktrace>
              <![CDATA[java.lang.NoClassDefFoundError: freemarker/template/TemplateModelException
at Pratice3.Report_gen_TestNg.startup(Report_gen_TestNg.java:24)
at java.base/jdk.internal.reflect.NativeMethodAccessorImpl.invoke0(Native Method)
at java.base/jdk.internal.reflect.NativeMethodAccessorImpl.invoke(NativeMethodAccessorImpl.java:64)
at java.base/jdk.internal.reflect.DelegatingMethodAccessorImpl.invoke(DelegatingMethodAccessorImpl.java:43)
at java.base/java.lang.reflect.Method.invoke(Method.java:564)
at org.testng.internal.MethodInvocationHelper.invokeMethod(MethodInvocationHelper.java:133)
at org.testng.internal.MethodInvocationHelper.invokeMethodConsideringTimeout(MethodInvocationHelper.java:62)
at org.testng.internal.ConfigInvoker.invokeConfigurationMethod(ConfigInvoker.java:385)
at org.testng.internal.ConfigInvoker.invokeConfigurations(ConfigInvoker.java:321)
at org.testng.TestRunner.invokeTestConfigurations(TestRunner.java:637)
at org.testng.TestRunner.beforeRun(TestRunner.java:627)
at org.testng.TestRunner.run(TestRunner.java:589)
at org.testng.SuiteRunner.runTest(SuiteRunner.java:377)
at org.testng.SuiteRunner.runSequentially(SuiteRunner.java:371)
at org.testng.SuiteRunner.privateRun(SuiteRunner.java:332)
at org.testng.SuiteRunner.run(SuiteRunner.java:276)
at org.testng.SuiteRunnerWorker.runSuite(SuiteRunnerWorker.java:53)
at org.testng.SuiteRunnerWorker.run(SuiteRunnerWorker.java:96)
at org.testng.TestNG.runSuitesSequentially(TestNG.java:1212)
at org.testng.TestNG.runSuitesSequentially(TestNG.java:1207)
at org.testng.TestNG.runSuitesLocally(TestNG.java:1134)
at org.testng.TestNG.runSuites(TestNG.java:1063)
at org.testng.TestNG.run(TestNG.java:1031)
at org.testng.remote.AbstractRemoteTestNG.run(AbstractRemoteTestNG.java:115)
at org.testng.remote.RemoteTestNG.initAndRun(RemoteTestNG.java:251)
at org.testng.remote.RemoteTestNG.main(RemoteTestNG.java:77)
Caused by: java.lang.ClassNotFoundException: freemarker.template.TemplateModelException
at java.base/jdk.internal.loader.BuiltinClassLoader.loadClass(BuiltinClassLoader.java:606)
at java.base/jdk.internal.loader.ClassLoaders$AppClassLoader.loadClass(ClassLoaders.java:168)
at java.base/java.lang.ClassLoader.loadClass(ClassLoader.java:522)
... 26 more
]]>
            </full-stacktrace>
          </exception> <!-- java.lang.NoClassDefFoundError -->
          <reporter-output>
          </reporter-output>
        </test-method> <!-- test -->
        <test-method is-config="true" signature="teardown()[pri:0, instance:Pratice3.Report_gen_TestNg@33990a0c]" started-at="2021-08-16T11:37:47 IST" name="teardown" finished-at="1970-01-01T05:30:00 IST" duration-ms="-1629094067720" status="SKIP">
          <reporter-output>
          </reporter-output>
        </test-method> <!-- teardown -->
      </class> <!-- Pratice3.Report_gen_TestNg -->
    </test> <!-- Test -->
  </suite> <!-- Suite -->
  <suite started-at="2021-08-16T11:37:47 IST" name="Suite (0)" finished-at="2021-08-16T11:38:24 IST" duration-ms="36919">
    <groups>
      <group name="a">
        <method signature="Test3.bat()[pri:0, instance:Pratice1.Test3@7c24b813]" name="bat" class="Pratice1.Test3"/>
        <method signature="Test3.cat()[pri:0, instance:Pratice1.Test3@7c24b813]" name="cat" class="Pratice1.Test3"/>
        <method signature="Test3.dog()[pri:0, instance:Pratice1.Test3@7c24b813]" name="dog" class="Pratice1.Test3"/>
      </group> <!-- a -->
      <group name="b">
        <method signature="Test3.ball()[pri:0, instance:Pratice1.Test3@7c24b813]" name="ball" class="Pratice1.Test3"/>
        <method signature="Test3.dog()[pri:0, instance:Pratice1.Test3@7c24b813]" name="dog" class="Pratice1.Test3"/>
        <method signature="Test3.tennis()[pri:0, instance:Pratice1.Test3@7c24b813]" name="tennis" class="Pratice1.Test3"/>
      </group> <!-- b -->
      <group name="c">
        <method signature="Test3.bat()[pri:0, instance:Pratice1.Test3@7c24b813]" name="bat" class="Pratice1.Test3"/>
        <method signature="Test3.tennis()[pri:0, instance:Pratice1.Test3@7c24b813]" name="tennis" class="Pratice1.Test3"/>
      </group> <!-- c -->
    </groups>
    <test started-at="2021-08-16T11:37:47 IST" name="Test" finished-at="2021-08-16T11:38:24 IST" duration-ms="36919">
      <class name="Pratice1.Test2">
        <test-method signature="login()[pri:0, instance:Pratice1.Test2@5ba3f27a]" started-at="2021-08-16T11:38:16 IST" name="login" finished-at="2021-08-16T11:38:24 IST" duration-ms="7883" status="PASS">
          <reporter-output>
          </reporter-output>
        </test-method> <!-- login -->
      </class> <!-- Pratice1.Test2 -->
      <class name="Pratice1.Test1">
        <test-method is-config="true" signature="beforesuit()[pri:0, instance:Pratice1.Test1@58d75e99]" started-at="2021-08-16T11:37:47 IST" name="beforesuit" finished-at="2021-08-16T11:37:47 IST" duration-ms="0" status="PASS">
          <reporter-output>
          </reporter-output>
        </test-method> <!-- beforesuit -->
        <test-method signature="function1()[pri:0, instance:Pratice1.Test1@58d75e99]" started-at="2021-08-16T11:38:24 IST" name="function1" finished-at="2021-08-16T11:38:24 IST" duration-ms="3" status="PASS">
          <reporter-output>
          </reporter-output>
        </test-method> <!-- function1 -->
        <test-method signature="function2()[pri:0, instance:Pratice1.Test1@58d75e99]" started-at="2021-08-16T11:38:24 IST" name="function2" finished-at="2021-08-16T11:38:24 IST" duration-ms="7" status="PASS">
          <reporter-output>
            <line>
              <![CDATA[function 2 printed]]>
            </line>
          </reporter-output>
        </test-method> <!-- function2 -->
        <test-method signature="function3()[pri:0, instance:Pratice1.Test1@58d75e99]" started-at="2021-08-16T11:38:24 IST" name="function3" finished-at="2021-08-16T11:38:24 IST" duration-ms="2" status="PASS">
          <reporter-output>
            <line>
              <![CDATA[function 3 printed]]>
            </line>
          </reporter-output>
        </test-method> <!-- function3 -->
        <test-method is-config="true" signature="aftersuit()[pri:0, instance:Pratice1.Test1@58d75e99]" started-at="2021-08-16T11:38:24 IST" name="aftersuit" finished-at="2021-08-16T11:38:24 IST" duration-ms="1" status="PASS">
          <reporter-output>
          </reporter-output>
        </test-method> <!-- aftersuit -->
      </class> <!-- Pratice1.Test1 -->
      <class name="Pratice1.Test3">
        <test-method signature="ball()[pri:0, instance:Pratice1.Test3@7c24b813]" started-at="2021-08-16T11:37:47 IST" name="ball" finished-at="2021-08-16T11:37:47 IST" duration-ms="3" status="PASS">
          <reporter-output>
          </reporter-output>
        </test-method> <!-- ball -->
        <test-method signature="bat()[pri:0, instance:Pratice1.Test3@7c24b813]" started-at="2021-08-16T11:37:47 IST" name="bat" finished-at="2021-08-16T11:37:47 IST" duration-ms="2" status="PASS">
          <reporter-output>
          </reporter-output>
        </test-method> <!-- bat -->
        <test-method signature="cat()[pri:0, instance:Pratice1.Test3@7c24b813]" started-at="2021-08-16T11:37:47 IST" name="cat" finished-at="2021-08-16T11:37:47 IST" duration-ms="1" status="PASS">
          <reporter-output>
          </reporter-output>
        </test-method> <!-- cat -->
        <test-method signature="dog()[pri:0, instance:Pratice1.Test3@7c24b813]" started-at="2021-08-16T11:37:47 IST" name="dog" finished-at="2021-08-16T11:37:47 IST" duration-ms="1" status="PASS">
          <reporter-output>
          </reporter-output>
        </test-method> <!-- dog -->
        <test-method signature="tennis()[pri:0, instance:Pratice1.Test3@7c24b813]" started-at="2021-08-16T11:37:47 IST" name="tennis" finished-at="2021-08-16T11:37:47 IST" duration-ms="2" status="PASS">
          <reporter-output>
          </reporter-output>
        </test-method> <!-- tennis -->
      </class> <!-- Pratice1.Test3 -->
      <class name="Pratice1.Working_Links">
        <test-method signature="OpenLink()[pri:0, instance:Pratice1.Working_Links@2c35e847]" started-at="2021-08-16T11:37:47 IST" name="OpenLink" finished-at="2021-08-16T11:38:16 IST" duration-ms="28962" status="FAIL">
          <exception class="org.openqa.selenium.WebDriverException">
            <message>
              <![CDATA[chrome not reachable
  (Session info: chrome=92.0.4515.131)
Build info: version: '3.141.59', revision: 'e82be7d358', time: '2018-11-14T08:25:53'
System info: host: 'ABHISHARMA', ip: '192.168.1.7', os.name: 'Windows 10', os.arch: 'amd64', os.version: '10.0', java.version: '15.0.1'
Driver info: org.openqa.selenium.chrome.ChromeDriver
Capabilities {acceptInsecureCerts: false, browserName: chrome, browserVersion: 92.0.4515.131, chrome: {chromedriverVersion: 92.0.4515.107 (87a818b10553..., userDataDir: C:\Users\ABHI\AppData\Local...}, goog:chromeOptions: {debuggerAddress: localhost:53908}, javascriptEnabled: true, networkConnectionEnabled: false, pageLoadStrategy: normal, platform: WINDOWS, platformName: WINDOWS, proxy: Proxy(), setWindowRect: true, strictFileInteractability: false, timeouts: {implicit: 0, pageLoad: 300000, script: 30000}, unhandledPromptBehavior: dismiss and notify, webauthn:extension:credBlob: true, webauthn:extension:largeBlob: true, webauthn:virtualAuthenticators: true}
Session ID: b956b2a868a334ff01a3b9baad033b41
*** Element info: {Using=xpath, value=//*[@id="pane-side"]/div[1]/div/div/div[8]/div/div/div[2]/div[1]/div[1]/span/span}]]>
            </message>
            <full-stacktrace>
              <![CDATA[org.openqa.selenium.WebDriverException: chrome not reachable
  (Session info: chrome=92.0.4515.131)
Build info: version: '3.141.59', revision: 'e82be7d358', time: '2018-11-14T08:25:53'
System info: host: 'ABHISHARMA', ip: '192.168.1.7', os.name: 'Windows 10', os.arch: 'amd64', os.version: '10.0', java.version: '15.0.1'
Driver info: org.openqa.selenium.chrome.ChromeDriver
Capabilities {acceptInsecureCerts: false, browserName: chrome, browserVersion: 92.0.4515.131, chrome: {chromedriverVersion: 92.0.4515.107 (87a818b10553..., userDataDir: C:\Users\ABHI\AppData\Local...}, goog:chromeOptions: {debuggerAddress: localhost:53908}, javascriptEnabled: true, networkConnectionEnabled: false, pageLoadStrategy: normal, platform: WINDOWS, platformName: WINDOWS, proxy: Proxy(), setWindowRect: true, strictFileInteractability: false, timeouts: {implicit: 0, pageLoad: 300000, script: 30000}, unhandledPromptBehavior: dismiss and notify, webauthn:extension:credBlob: true, webauthn:extension:largeBlob: true, webauthn:virtualAuthenticators: true}
Session ID: b956b2a868a334ff01a3b9baad033b41
*** Element info: {Using=xpath, value=//*[@id="pane-side"]/div[1]/div/div/div[8]/div/div/div[2]/div[1]/div[1]/span/span}
at java.base/jdk.internal.reflect.NativeConstructorAccessorImpl.newInstance0(Native Method)
at java.base/jdk.internal.reflect.NativeConstructorAccessorImpl.newInstance(NativeConstructorAccessorImpl.java:64)
at java.base/jdk.internal.reflect.DelegatingConstructorAccessorImpl.newInstance(DelegatingConstructorAccessorImpl.java:45)
at java.base/java.lang.reflect.Constructor.newInstanceWithCaller(Constructor.java:500)
at java.base/java.lang.reflect.Constructor.newInstance(Constructor.java:481)
at org.openqa.selenium.remote.http.W3CHttpResponseCodec.createException(W3CHttpResponseCodec.java:187)
at org.openqa.selenium.remote.http.W3CHttpResponseCodec.decode(W3CHttpResponseCodec.java:122)
at org.openqa.selenium.remote.http.W3CHttpResponseCodec.decode(W3CHttpResponseCodec.java:49)
at org.openqa.selenium.remote.HttpCommandExecutor.execute(HttpCommandExecutor.java:158)
at org.openqa.selenium.remote.service.DriverCommandExecutor.execute(DriverCommandExecutor.java:83)
at org.openqa.selenium.remote.RemoteWebDriver.execute(RemoteWebDriver.java:552)
at org.openqa.selenium.remote.RemoteWebDriver.findElement(RemoteWebDriver.java:323)
at org.openqa.selenium.remote.RemoteWebDriver.findElementByXPath(RemoteWebDriver.java:428)
at org.openqa.selenium.By$ByXPath.findElement(By.java:353)
at org.openqa.selenium.remote.RemoteWebDriver.findElement(RemoteWebDriver.java:315)
at Pratice1.Working_Links.OpenLink(Working_Links.java:21)
at java.base/jdk.internal.reflect.NativeMethodAccessorImpl.invoke0(Native Method)
at java.base/jdk.internal.reflect.NativeMethodAccessorImpl.invoke(NativeMethodAccessorImpl.java:64)
at java.base/jdk.internal.reflect.DelegatingMethodAccessorImpl.invoke(DelegatingMethodAccessorImpl.java:43)
at java.base/java.lang.reflect.Method.invoke(Method.java:564)
at org.testng.internal.MethodInvocationHelper.invokeMethod(MethodInvocationHelper.java:133)
at org.testng.internal.TestInvoker.invokeMethod(TestInvoker.java:598)
at org.testng.internal.TestInvoker.invokeTestMethod(TestInvoker.java:173)
at org.testng.internal.MethodRunner.runInSequence(MethodRunner.java:46)
at org.testng.internal.TestInvoker$MethodInvocationAgent.invoke(TestInvoker.java:824)
at org.testng.internal.TestInvoker.invokeTestMethods(TestInvoker.java:146)
at org.testng.internal.TestMethodWorker.invokeTestMethods(TestMethodWorker.java:146)
at org.testng.internal.TestMethodWorker.run(TestMethodWorker.java:128)
at java.base/java.util.ArrayList.forEach(ArrayList.java:1511)
at org.testng.TestRunner.privateRun(TestRunner.java:794)
at org.testng.TestRunner.run(TestRunner.java:596)
at org.testng.SuiteRunner.runTest(SuiteRunner.java:377)
at org.testng.SuiteRunner.runSequentially(SuiteRunner.java:371)
at org.testng.SuiteRunner.privateRun(SuiteRunner.java:332)
at org.testng.SuiteRunner.run(SuiteRunner.java:276)
at org.testng.SuiteRunnerWorker.runSuite(SuiteRunnerWorker.java:53)
at org.testng.SuiteRunnerWorker.run(SuiteRunnerWorker.java:96)
at org.testng.TestNG.runSuitesSequentially(TestNG.java:1212)
at org.testng.TestNG.runSuitesSequentially(TestNG.java:1207)
at org.testng.TestNG.runSuitesLocally(TestNG.java:1134)
at org.testng.TestNG.runSuites(TestNG.java:1063)
at org.testng.TestNG.run(TestNG.java:1031)
at org.testng.remote.AbstractRemoteTestNG.run(AbstractRemoteTestNG.java:115)
at org.testng.remote.RemoteTestNG.initAndRun(RemoteTestNG.java:251)
at org.testng.remote.RemoteTestNG.main(RemoteTestNG.java:77)
]]>
            </full-stacktrace>
          </exception> <!-- org.openqa.selenium.WebDriverException -->
          <reporter-output>
          </reporter-output>
        </test-method> <!-- OpenLink -->
      </class> <!-- Pratice1.Working_Links -->
    </test> <!-- Test -->
  </suite> <!-- Suite (0) -->
  <suite started-at="2021-08-16T11:38:24 IST" name=" Master Suite" finished-at="2021-08-16T11:38:24 IST" duration-ms="0">
    <groups>
    </groups>
  </suite> <!--  Master Suite -->
</testng-results>
